c:\projects\cpp\spaceshooter\build\debug\spaceshooter-windows-10.0.19045.dir\debug\vc142.pdb
c:\projects\cpp\spaceshooter\build\debug\spaceshooter-windows-10.0.19045.dir\debug\sceneend.obj
c:\projects\cpp\spaceshooter\build\debug\spaceshooter-windows-10.0.19045.dir\debug\scenetitle.obj
c:\projects\cpp\spaceshooter\build\debug\spaceshooter-windows-10.0.19045.dir\debug\scenemain.obj
c:\projects\cpp\spaceshooter\build\debug\spaceshooter-windows-10.0.19045.dir\debug\scene.obj
c:\projects\cpp\spaceshooter\build\debug\spaceshooter-windows-10.0.19045.dir\debug\game.obj
c:\projects\cpp\spaceshooter\build\debug\spaceshooter-windows-10.0.19045.dir\debug\main.obj
c:\projects\cpp\spaceshooter\build\debug\cmakefiles\generate.stamp
c:\projects\cpp\spaceshooter\build\debug\spaceshooter-windows-10.0.19045.dir\debug\spaceshooter-windows-10.0.19045.ilk
c:\projects\cpp\spaceshooter\debug\spaceshooter-windows-10.0.19045.exe
c:\projects\cpp\spaceshooter\debug\spaceshooter-windows-10.0.19045.pdb
c:\projects\cpp\spaceshooter\build\debug\spaceshooter-windows-10.0.19045.dir\debug\spacesho.7e92f137.tlog\cl.command.1.tlog
c:\projects\cpp\spaceshooter\build\debug\spaceshooter-windows-10.0.19045.dir\debug\spacesho.7e92f137.tlog\cl.read.1.tlog
c:\projects\cpp\spaceshooter\build\debug\spaceshooter-windows-10.0.19045.dir\debug\spacesho.7e92f137.tlog\cl.write.1.tlog
c:\projects\cpp\spaceshooter\build\debug\spaceshooter-windows-10.0.19045.dir\debug\spacesho.7e92f137.tlog\custombuild.command.1.tlog
c:\projects\cpp\spaceshooter\build\debug\spaceshooter-windows-10.0.19045.dir\debug\spacesho.7e92f137.tlog\custombuild.read.1.tlog
c:\projects\cpp\spaceshooter\build\debug\spaceshooter-windows-10.0.19045.dir\debug\spacesho.7e92f137.tlog\custombuild.write.1.tlog
c:\projects\cpp\spaceshooter\build\debug\spaceshooter-windows-10.0.19045.dir\debug\spacesho.7e92f137.tlog\link.command.1.tlog
c:\projects\cpp\spaceshooter\build\debug\spaceshooter-windows-10.0.19045.dir\debug\spacesho.7e92f137.tlog\link.read.1.tlog
c:\projects\cpp\spaceshooter\build\debug\spaceshooter-windows-10.0.19045.dir\debug\spacesho.7e92f137.tlog\link.write.1.tlog
