c:\projects\cpp\spaceshooter\build\debug\spaceshooter-windows-debug.dir\debug\vc142.pdb
c:\projects\cpp\spaceshooter\build\debug\spaceshooter-windows-debug.dir\debug\sceneend.obj
c:\projects\cpp\spaceshooter\build\debug\spaceshooter-windows-debug.dir\debug\scenemain.obj
c:\projects\cpp\spaceshooter\build\debug\spaceshooter-windows-debug.dir\debug\scenetitle.obj
c:\projects\cpp\spaceshooter\build\debug\spaceshooter-windows-debug.dir\debug\scene.obj
c:\projects\cpp\spaceshooter\build\debug\spaceshooter-windows-debug.dir\debug\game.obj
c:\projects\cpp\spaceshooter\build\debug\spaceshooter-windows-debug.dir\debug\main.obj
c:\projects\cpp\spaceshooter\build\debug\cmakefiles\generate.stamp
c:\projects\cpp\spaceshooter\build\debug\spaceshooter-windows-debug.dir\debug\spaceshooter-windows-debug.ilk
c:\projects\cpp\spaceshooter\debug\spaceshooter-windows-debug.exe
c:\projects\cpp\spaceshooter\debug\spaceshooter-windows-debug.pdb
c:\projects\cpp\spaceshooter\build\debug\spaceshooter-windows-debug.dir\debug\spacesho.5221b71c.tlog\cl.command.1.tlog
c:\projects\cpp\spaceshooter\build\debug\spaceshooter-windows-debug.dir\debug\spacesho.5221b71c.tlog\cl.read.1.tlog
c:\projects\cpp\spaceshooter\build\debug\spaceshooter-windows-debug.dir\debug\spacesho.5221b71c.tlog\cl.write.1.tlog
c:\projects\cpp\spaceshooter\build\debug\spaceshooter-windows-debug.dir\debug\spacesho.5221b71c.tlog\custombuild.command.1.tlog
c:\projects\cpp\spaceshooter\build\debug\spaceshooter-windows-debug.dir\debug\spacesho.5221b71c.tlog\custombuild.read.1.tlog
c:\projects\cpp\spaceshooter\build\debug\spaceshooter-windows-debug.dir\debug\spacesho.5221b71c.tlog\custombuild.write.1.tlog
c:\projects\cpp\spaceshooter\build\debug\spaceshooter-windows-debug.dir\debug\spacesho.5221b71c.tlog\link.command.1.tlog
c:\projects\cpp\spaceshooter\build\debug\spaceshooter-windows-debug.dir\debug\spacesho.5221b71c.tlog\link.read.1.tlog
c:\projects\cpp\spaceshooter\build\debug\spaceshooter-windows-debug.dir\debug\spacesho.5221b71c.tlog\link.write.1.tlog
